[debug] [2025-11-02T06:10:03.863Z] ----------------------------------------------------------------------
[debug] [2025-11-02T06:10:03.865Z] Command:       C:\Program Files\nodejs\node.exe C:\Users\Admin\AppData\Roaming\npm\node_modules\firebase-tools\lib\bin\firebase.js init
[debug] [2025-11-02T06:10:03.865Z] CLI Version:   14.8.0
[debug] [2025-11-02T06:10:03.865Z] Platform:      win32
[debug] [2025-11-02T06:10:03.865Z] Node Version:  v20.12.2
[debug] [2025-11-02T06:10:03.866Z] Time:          Sun Nov 02 2025 11:40:03 GMT+0530 (India Standard Time)
[debug] [2025-11-02T06:10:03.866Z] ----------------------------------------------------------------------
[debug] 
[debug] [2025-11-02T06:10:03.870Z] > command requires scopes: ["email","openid","https://www.googleapis.com/auth/cloudplatformprojects.readonly","https://www.googleapis.com/auth/firebase","https://www.googleapis.com/auth/cloud-platform"]
[debug] [2025-11-02T06:10:03.870Z] > authorizing via signed-in user (sigaiapp070@gmail.com)
[info] 
     ######## #### ########  ######## ########     ###     ######  ########
     ##        ##  ##     ## ##       ##     ##  ##   ##  ##       ##
     ######    ##  ########  ######   ########  #########  ######  ######
     ##        ##  ##    ##  ##       ##     ## ##     ##       ## ##
     ##       #### ##     ## ######## ########  ##     ##  ######  ########

You're about to initialize a Firebase project in this directory:

  E:\js_tutorial

[info] 
=== Project Setup
[info] 
[info] First, let's associate this project directory with a Firebase project.
[info] You can create multiple project aliases by running firebase use --add, 
[info] but for now we'll just set up a default project.
[info] 
[info] i  If you want to create a project in a Google Cloud organization or folder, please use "firebase projects:create" instead, and return to this command when you've created the project. 
[debug] [2025-11-02T06:10:16.441Z] ExitPromptError: User force closed the prompt with SIGINT
    at Interface.sigint (C:\Users\Admin\AppData\Roaming\npm\node_modules\firebase-tools\node_modules\@inquirer\core\dist\commonjs\lib\create-prompt.js:101:37)
    at Interface.emit (node:events:518:28)
    at Interface.emit (node:domain:488:12)
    at [_ttyWrite] [as _ttyWrite] (node:internal/readline/interface:1125:18)
    at ReadStream.onkeypress (node:internal/readline/interface:264:20)
    at ReadStream.emit (node:events:530:35)
    at ReadStream.emit (node:domain:488:12)
    at emitKeys (node:internal/readline/utils:371:14)
    at emitKeys.next (<anonymous>)
    at ReadStream.onData (node:internal/readline/emitKeypressEvents:64:36)
[error] 
[error] Error: An unexpected error has occurred.
[debug] [2025-11-02T06:10:20.633Z] ----------------------------------------------------------------------
[debug] [2025-11-02T06:10:20.635Z] Command:       C:\Program Files\nodejs\node.exe C:\Users\Admin\AppData\Roaming\npm\node_modules\firebase-tools\lib\bin\firebase.js init
[debug] [2025-11-02T06:10:20.636Z] CLI Version:   14.8.0
[debug] [2025-11-02T06:10:20.636Z] Platform:      win32
[debug] [2025-11-02T06:10:20.636Z] Node Version:  v20.12.2
[debug] [2025-11-02T06:10:20.636Z] Time:          Sun Nov 02 2025 11:40:20 GMT+0530 (India Standard Time)
[debug] [2025-11-02T06:10:20.636Z] ----------------------------------------------------------------------
[debug] 
[debug] [2025-11-02T06:10:20.641Z] > command requires scopes: ["email","openid","https://www.googleapis.com/auth/cloudplatformprojects.readonly","https://www.googleapis.com/auth/firebase","https://www.googleapis.com/auth/cloud-platform"]
[debug] [2025-11-02T06:10:20.641Z] > authorizing via signed-in user (sigaiapp070@gmail.com)
[info] 
     ######## #### ########  ######## ########     ###     ######  ########
     ##        ##  ##     ## ##       ##     ##  ##   ##  ##       ##
     ######    ##  ########  ######   ########  #########  ######  ######
     ##        ##  ##    ##  ##       ##     ## ##     ##       ## ##
     ##       #### ##     ## ######## ########  ##     ##  ######  ########

You're about to initialize a Firebase project in this directory:

  E:\js_tutorial

[info] 
=== Project Setup
[info] 
[info] First, let's associate this project directory with a Firebase project.
[info] You can create multiple project aliases by running firebase use --add, 
[info] but for now we'll just set up a default project.
[info] 
[debug] [2025-11-02T06:10:27.569Z] Checked if tokens are valid: true, expires at: 1762067390742
[debug] [2025-11-02T06:10:27.569Z] Checked if tokens are valid: true, expires at: 1762067390742
[debug] [2025-11-02T06:10:27.572Z] >>> [apiv2][query] GET https://firebase.googleapis.com/v1beta1/projects pageSize=100
[debug] [2025-11-02T06:10:28.324Z] <<< [apiv2][status] GET https://firebase.googleapis.com/v1beta1/projects 200
[debug] [2025-11-02T06:10:28.324Z] <<< [apiv2][body] GET https://firebase.googleapis.com/v1beta1/projects [omitted]
[info] i  Using project js-zero-to-hero (js-zero-to-hero) 
[info] 
=== Hosting Setup
[debug] [2025-11-02T06:10:30.672Z] Checked if tokens are valid: true, expires at: 1762067390742
[debug] [2025-11-02T06:10:30.672Z] Checked if tokens are valid: true, expires at: 1762067390742
[debug] [2025-11-02T06:10:30.673Z] >>> [apiv2][query] GET https://firebase.googleapis.com/v1beta1/projects/js-zero-to-hero [none]
[debug] [2025-11-02T06:10:31.085Z] <<< [apiv2][status] GET https://firebase.googleapis.com/v1beta1/projects/js-zero-to-hero 200
[debug] [2025-11-02T06:10:31.085Z] <<< [apiv2][body] GET https://firebase.googleapis.com/v1beta1/projects/js-zero-to-hero {"projectId":"js-zero-to-hero","projectNumber":"754043243317","displayName":"js-zero-to-hero","name":"projects/js-zero-to-hero","resources":{"hostingSite":"js-zero-to-hero"},"state":"ACTIVE","etag":"1_f325a6ba-980d-4ac7-861f-b804d5a279cc"}
[info] 
[info] Your public directory is the folder (relative to your project directory) that
[info] will contain Hosting assets to be uploaded with firebase deploy. If you
[info] have a build process for your assets, use your build's output directory.
[info] 
